<?xml version="1.0" encoding="UTF-8"?>
<!-- Generated by org.testng.reporters.JUnitXMLReporter -->
<testsuite hostname="CBEN-0163L14-LX" ignored="14" name="Regression" tests="3" failures="0" timestamp="2021-05-03T09:26:55 CST" time="174.209" errors="0">
  <testcase name="addToCartTest" time="19.03" classname="com.myhybrid.testcases.AddToCartPageTest"/>
  <testcase name="verifyTotalPrice" time="24.16" classname="com.myhybrid.testcases.OrderPageTest"/>
  <testcase name="endToEndTest" time="96.877" classname="com.myhybrid.testcases.EndToEndTest"/>
  <testcase name="wishListTest" time="0.0" classname="com.myhybrid.testcases.HomePageTest">
    <ignored/>
  </testcase> <!-- wishListTest -->
  <testcase name="verifyCreateAccountPageTest" time="0.0" classname="com.myhybrid.testcases.AccountCreationPageTest">
    <ignored/>
  </testcase> <!-- verifyCreateAccountPageTest -->
  <testcase name="loginTest" time="0.0" classname="com.myhybrid.testcases.LoginPageTest">
    <ignored/>
  </testcase> <!-- loginTest -->
  <testcase name="@BeforeSuite loadConfig" time="0.0" classname="com.myhybrid.base.BaseClass">
    <ignored/>
  </testcase> <!-- @BeforeSuite loadConfig -->
  <testcase name="@BeforeSuite loadConfig" time="0.0" classname="com.myhybrid.base.BaseClass">
    <ignored/>
  </testcase> <!-- @BeforeSuite loadConfig -->
  <testcase name="@BeforeSuite loadConfig" time="0.0" classname="com.myhybrid.base.BaseClass">
    <ignored/>
  </testcase> <!-- @BeforeSuite loadConfig -->
  <testcase name="@BeforeSuite loadConfig" time="0.0" classname="com.myhybrid.base.BaseClass">
    <ignored/>
  </testcase> <!-- @BeforeSuite loadConfig -->
  <testcase name="@BeforeSuite loadConfig" time="0.0" classname="com.myhybrid.base.BaseClass">
    <ignored/>
  </testcase> <!-- @BeforeSuite loadConfig -->
  <testcase name="@BeforeSuite loadConfig" time="0.0" classname="com.myhybrid.base.BaseClass">
    <ignored/>
  </testcase> <!-- @BeforeSuite loadConfig -->
  <testcase name="@BeforeSuite loadConfig" time="0.0" classname="com.myhybrid.base.BaseClass">
    <ignored/>
  </testcase> <!-- @BeforeSuite loadConfig -->
  <testcase name="verifyLogo" time="0.0" classname="com.myhybrid.testcases.IndexPageTest">
    <ignored/>
  </testcase> <!-- verifyLogo -->
  <testcase name="orderHistoryandDetailsTest" time="0.0" classname="com.myhybrid.testcases.HomePageTest">
    <ignored/>
  </testcase> <!-- orderHistoryandDetailsTest -->
  <testcase name="productAvailabilityTest" time="0.0" classname="com.myhybrid.testcases.SearchResultPageTest">
    <ignored/>
  </testcase> <!-- productAvailabilityTest -->
  <testcase name="verifyTitle" time="0.0" classname="com.myhybrid.testcases.IndexPageTest">
    <ignored/>
  </testcase> <!-- verifyTitle -->
</testsuite> <!-- Regression -->
