<?xml version="1.0" encoding="UTF-8"?>
<!-- Generated by org.testng.reporters.JUnitXMLReporter -->
<testsuite hostname="CBEN-0163L14-LX" ignored="11" name="Smoke" tests="6" failures="0" timestamp="2021-05-03T09:23:18 CST" time="117.868" errors="0">
  <testcase name="orderHistoryandDetailsTest" time="16.073" classname="com.myhybrid.testcases.HomePageTest"/>
  <testcase name="wishListTest" time="15.839" classname="com.myhybrid.testcases.HomePageTest"/>
  <testcase name="verifyLogo" time="2.661" classname="com.myhybrid.testcases.IndexPageTest"/>
  <testcase name="verifyTitle" time="0.016" classname="com.myhybrid.testcases.IndexPageTest"/>
  <testcase name="productAvailabilityTest" time="2.407" classname="com.myhybrid.testcases.SearchResultPageTest"/>
  <testcase name="loginTest" time="15.982" classname="com.myhybrid.testcases.LoginPageTest"/>
  <testcase name="verifyTotalPrice" time="0.0" classname="com.myhybrid.testcases.OrderPageTest">
    <ignored/>
  </testcase> <!-- verifyTotalPrice -->
  <testcase name="addToCartTest" time="0.0" classname="com.myhybrid.testcases.AddToCartPageTest">
    <ignored/>
  </testcase> <!-- addToCartTest -->
  <testcase name="endToEndTest" time="0.0" classname="com.myhybrid.testcases.EndToEndTest">
    <ignored/>
  </testcase> <!-- endToEndTest -->
  <testcase name="verifyCreateAccountPageTest" time="0.0" classname="com.myhybrid.testcases.AccountCreationPageTest">
    <ignored/>
  </testcase> <!-- verifyCreateAccountPageTest -->
  <testcase name="@BeforeSuite loadConfig" time="0.0" classname="com.myhybrid.base.BaseClass">
    <ignored/>
  </testcase> <!-- @BeforeSuite loadConfig -->
  <testcase name="@BeforeSuite loadConfig" time="0.0" classname="com.myhybrid.base.BaseClass">
    <ignored/>
  </testcase> <!-- @BeforeSuite loadConfig -->
  <testcase name="@BeforeSuite loadConfig" time="0.0" classname="com.myhybrid.base.BaseClass">
    <ignored/>
  </testcase> <!-- @BeforeSuite loadConfig -->
  <testcase name="@BeforeSuite loadConfig" time="0.0" classname="com.myhybrid.base.BaseClass">
    <ignored/>
  </testcase> <!-- @BeforeSuite loadConfig -->
  <testcase name="@BeforeSuite loadConfig" time="0.0" classname="com.myhybrid.base.BaseClass">
    <ignored/>
  </testcase> <!-- @BeforeSuite loadConfig -->
  <testcase name="@BeforeSuite loadConfig" time="0.0" classname="com.myhybrid.base.BaseClass">
    <ignored/>
  </testcase> <!-- @BeforeSuite loadConfig -->
  <testcase name="@BeforeSuite loadConfig" time="0.0" classname="com.myhybrid.base.BaseClass">
    <ignored/>
  </testcase> <!-- @BeforeSuite loadConfig -->
</testsuite> <!-- Smoke -->
