<?xml version="1.0" encoding="UTF-8"?>
<!-- Generated by org.testng.reporters.JUnitXMLReporter -->
<testsuite hostname="CBEN-0163L14-LX" ignored="14" name="Test_All" tests="10" failures="0" timestamp="2021-05-04T08:28:00 CST" time="302.411" errors="0">
  <testcase name="addToCartTest" time="18.023" classname="com.myhybrid.testcases.AddToCartPageTest"/>
  <testcase name="orderHistoryandDetailsTest" time="21.244" classname="com.myhybrid.testcases.HomePageTest"/>
  <testcase name="wishListTest" time="14.891" classname="com.myhybrid.testcases.HomePageTest"/>
  <testcase name="verifyTotalPrice" time="22.388" classname="com.myhybrid.testcases.OrderPageTest"/>
  <testcase name="endToEndTest" time="99.319" classname="com.myhybrid.testcases.EndToEndTest"/>
  <testcase name="verifyLogo" time="2.681" classname="com.myhybrid.testcases.IndexPageTest"/>
  <testcase name="verifyTitle" time="0.009" classname="com.myhybrid.testcases.IndexPageTest"/>
  <testcase name="productAvailabilityTest" time="3.372" classname="com.myhybrid.testcases.SearchResultPageTest"/>
  <testcase name="loginTest" time="16.741" classname="com.myhybrid.testcases.LoginPageTest"/>
  <testcase name="verifyCreateAccountPageTest" time="3.374" classname="com.myhybrid.testcases.AccountCreationPageTest"/>
  <testcase name="@AfterSuite afterSuite" time="0.0" classname="com.myhybrid.base.BaseClass">
    <ignored/>
  </testcase> <!-- @AfterSuite afterSuite -->
  <testcase name="@AfterSuite afterSuite" time="0.0" classname="com.myhybrid.base.BaseClass">
    <ignored/>
  </testcase> <!-- @AfterSuite afterSuite -->
  <testcase name="@AfterSuite afterSuite" time="0.0" classname="com.myhybrid.base.BaseClass">
    <ignored/>
  </testcase> <!-- @AfterSuite afterSuite -->
  <testcase name="@AfterSuite afterSuite" time="0.0" classname="com.myhybrid.base.BaseClass">
    <ignored/>
  </testcase> <!-- @AfterSuite afterSuite -->
  <testcase name="@AfterSuite afterSuite" time="0.0" classname="com.myhybrid.base.BaseClass">
    <ignored/>
  </testcase> <!-- @AfterSuite afterSuite -->
  <testcase name="@AfterSuite afterSuite" time="0.0" classname="com.myhybrid.base.BaseClass">
    <ignored/>
  </testcase> <!-- @AfterSuite afterSuite -->
  <testcase name="@AfterSuite afterSuite" time="0.0" classname="com.myhybrid.base.BaseClass">
    <ignored/>
  </testcase> <!-- @AfterSuite afterSuite -->
  <testcase name="@BeforeSuite loadConfig" time="0.0" classname="com.myhybrid.base.BaseClass">
    <ignored/>
  </testcase> <!-- @BeforeSuite loadConfig -->
  <testcase name="@BeforeSuite loadConfig" time="0.0" classname="com.myhybrid.base.BaseClass">
    <ignored/>
  </testcase> <!-- @BeforeSuite loadConfig -->
  <testcase name="@BeforeSuite loadConfig" time="0.0" classname="com.myhybrid.base.BaseClass">
    <ignored/>
  </testcase> <!-- @BeforeSuite loadConfig -->
  <testcase name="@BeforeSuite loadConfig" time="0.0" classname="com.myhybrid.base.BaseClass">
    <ignored/>
  </testcase> <!-- @BeforeSuite loadConfig -->
  <testcase name="@BeforeSuite loadConfig" time="0.0" classname="com.myhybrid.base.BaseClass">
    <ignored/>
  </testcase> <!-- @BeforeSuite loadConfig -->
  <testcase name="@BeforeSuite loadConfig" time="0.0" classname="com.myhybrid.base.BaseClass">
    <ignored/>
  </testcase> <!-- @BeforeSuite loadConfig -->
  <testcase name="@BeforeSuite loadConfig" time="0.0" classname="com.myhybrid.base.BaseClass">
    <ignored/>
  </testcase> <!-- @BeforeSuite loadConfig -->
</testsuite> <!-- Test_All -->
