<?xml version="1.0" encoding="UTF-8"?>
<testng-results skipped="0" failed="0" ignored="0" total="6" passed="6">
  <reporter-output>
  </reporter-output>
  <suite name="CrossBrowser" duration-ms="51527" started-at="2021-05-14T08:36:35 CST" finished-at="2021-05-14T08:37:26 CST">
    <groups>
      <group name="Smoke">
        <method signature="IndexPageTest.verifyLogo()[pri:0, instance:com.myhybrid.testcases.IndexPageTest@69a3d1d]" name="verifyLogo" class="com.myhybrid.testcases.IndexPageTest"/>
        <method signature="IndexPageTest.verifyTitle()[pri:0, instance:com.myhybrid.testcases.IndexPageTest@69a3d1d]" name="verifyTitle" class="com.myhybrid.testcases.IndexPageTest"/>
        <method signature="IndexPageTest.verifyLogo()[pri:0, instance:com.myhybrid.testcases.IndexPageTest@1500955a]" name="verifyLogo" class="com.myhybrid.testcases.IndexPageTest"/>
        <method signature="IndexPageTest.verifyTitle()[pri:0, instance:com.myhybrid.testcases.IndexPageTest@1500955a]" name="verifyTitle" class="com.myhybrid.testcases.IndexPageTest"/>
        <method signature="IndexPageTest.verifyLogo()[pri:0, instance:com.myhybrid.testcases.IndexPageTest@6043cd28]" name="verifyLogo" class="com.myhybrid.testcases.IndexPageTest"/>
        <method signature="IndexPageTest.verifyTitle()[pri:0, instance:com.myhybrid.testcases.IndexPageTest@6043cd28]" name="verifyTitle" class="com.myhybrid.testcases.IndexPageTest"/>
      </group> <!-- Smoke -->
    </groups>
    <test name="IETest" duration-ms="30571" started-at="2021-05-14T08:36:35 CST" finished-at="2021-05-14T08:37:05 CST">
      <class name="com.myhybrid.testcases.IndexPageTest">
        <test-method status="PASS" signature="loadConfig()[pri:0, instance:com.myhybrid.testcases.IndexPageTest@6043cd28]" name="loadConfig" is-config="true" duration-ms="363" started-at="2021-05-14T08:36:34 CST" finished-at="2021-05-14T08:36:35 CST">
          <reporter-output>
          </reporter-output>
        </test-method> <!-- loadConfig -->
        <test-method status="PASS" signature="launchApp(java.lang.String)[pri:0, instance:com.myhybrid.testcases.IndexPageTest@6043cd28]" name="launchApp" is-config="true" duration-ms="19111" started-at="2021-05-14T08:36:35 CST" finished-at="2021-05-14T08:36:54 CST">
          <params>
            <param index="0">
              <value>
                <![CDATA[IE]]>
              </value>
            </param>
          </params>
          <reporter-output>
          </reporter-output>
        </test-method> <!-- launchApp -->
        <test-method status="PASS" signature="verifyLogo()[pri:0, instance:com.myhybrid.testcases.IndexPageTest@6043cd28]" name="verifyLogo" duration-ms="3499" started-at="2021-05-14T08:36:54 CST" finished-at="2021-05-14T08:36:57 CST">
          <reporter-output>
          </reporter-output>
        </test-method> <!-- verifyLogo -->
        <test-method status="PASS" signature="tearDown()[pri:0, instance:com.myhybrid.testcases.IndexPageTest@6043cd28]" name="tearDown" is-config="true" duration-ms="668" started-at="2021-05-14T08:36:57 CST" finished-at="2021-05-14T08:36:58 CST">
          <reporter-output>
          </reporter-output>
        </test-method> <!-- tearDown -->
        <test-method status="PASS" signature="launchApp(java.lang.String)[pri:0, instance:com.myhybrid.testcases.IndexPageTest@6043cd28]" name="launchApp" is-config="true" duration-ms="6533" started-at="2021-05-14T08:36:58 CST" finished-at="2021-05-14T08:37:04 CST">
          <params>
            <param index="0">
              <value>
                <![CDATA[IE]]>
              </value>
            </param>
          </params>
          <reporter-output>
          </reporter-output>
        </test-method> <!-- launchApp -->
        <test-method status="PASS" signature="verifyTitle()[pri:0, instance:com.myhybrid.testcases.IndexPageTest@6043cd28]" name="verifyTitle" duration-ms="30" started-at="2021-05-14T08:37:04 CST" finished-at="2021-05-14T08:37:04 CST">
          <reporter-output>
          </reporter-output>
        </test-method> <!-- verifyTitle -->
        <test-method status="PASS" signature="tearDown()[pri:0, instance:com.myhybrid.testcases.IndexPageTest@6043cd28]" name="tearDown" is-config="true" duration-ms="673" started-at="2021-05-14T08:37:04 CST" finished-at="2021-05-14T08:37:05 CST">
          <reporter-output>
          </reporter-output>
        </test-method> <!-- tearDown -->
        <test-method status="PASS" signature="afterSuite()[pri:0, instance:com.myhybrid.testcases.IndexPageTest@6043cd28]" name="afterSuite" is-config="true" duration-ms="5" started-at="2021-05-14T08:37:26 CST" finished-at="2021-05-14T08:37:26 CST">
          <reporter-output>
          </reporter-output>
        </test-method> <!-- afterSuite -->
      </class> <!-- com.myhybrid.testcases.IndexPageTest -->
    </test> <!-- IETest -->
    <test name="ChromeTest" duration-ms="35462" started-at="2021-05-14T08:36:35 CST" finished-at="2021-05-14T08:37:10 CST">
      <class name="com.myhybrid.testcases.IndexPageTest">
        <test-method status="PASS" signature="launchApp(java.lang.String)[pri:0, instance:com.myhybrid.testcases.IndexPageTest@69a3d1d]" name="launchApp" is-config="true" duration-ms="18622" started-at="2021-05-14T08:36:35 CST" finished-at="2021-05-14T08:36:53 CST">
          <params>
            <param index="0">
              <value>
                <![CDATA[Chrome]]>
              </value>
            </param>
          </params>
          <reporter-output>
          </reporter-output>
        </test-method> <!-- launchApp -->
        <test-method status="PASS" signature="verifyLogo()[pri:0, instance:com.myhybrid.testcases.IndexPageTest@69a3d1d]" name="verifyLogo" duration-ms="5246" started-at="2021-05-14T08:36:53 CST" finished-at="2021-05-14T08:36:58 CST">
          <reporter-output>
          </reporter-output>
        </test-method> <!-- verifyLogo -->
        <test-method status="PASS" signature="tearDown()[pri:0, instance:com.myhybrid.testcases.IndexPageTest@69a3d1d]" name="tearDown" is-config="true" duration-ms="1364" started-at="2021-05-14T08:36:58 CST" finished-at="2021-05-14T08:37:00 CST">
          <reporter-output>
          </reporter-output>
        </test-method> <!-- tearDown -->
        <test-method status="PASS" signature="launchApp(java.lang.String)[pri:0, instance:com.myhybrid.testcases.IndexPageTest@69a3d1d]" name="launchApp" is-config="true" duration-ms="9298" started-at="2021-05-14T08:37:00 CST" finished-at="2021-05-14T08:37:09 CST">
          <params>
            <param index="0">
              <value>
                <![CDATA[Chrome]]>
              </value>
            </param>
          </params>
          <reporter-output>
          </reporter-output>
        </test-method> <!-- launchApp -->
        <test-method status="PASS" signature="verifyTitle()[pri:0, instance:com.myhybrid.testcases.IndexPageTest@69a3d1d]" name="verifyTitle" duration-ms="8" started-at="2021-05-14T08:37:09 CST" finished-at="2021-05-14T08:37:09 CST">
          <reporter-output>
          </reporter-output>
        </test-method> <!-- verifyTitle -->
        <test-method status="PASS" signature="tearDown()[pri:0, instance:com.myhybrid.testcases.IndexPageTest@69a3d1d]" name="tearDown" is-config="true" duration-ms="871" started-at="2021-05-14T08:37:09 CST" finished-at="2021-05-14T08:37:10 CST">
          <reporter-output>
          </reporter-output>
        </test-method> <!-- tearDown -->
      </class> <!-- com.myhybrid.testcases.IndexPageTest -->
    </test> <!-- ChromeTest -->
    <test name="FirefoxTest" duration-ms="51527" started-at="2021-05-14T08:36:35 CST" finished-at="2021-05-14T08:37:26 CST">
      <class name="com.myhybrid.testcases.IndexPageTest">
        <test-method status="PASS" signature="launchApp(java.lang.String)[pri:0, instance:com.myhybrid.testcases.IndexPageTest@1500955a]" name="launchApp" is-config="true" duration-ms="29324" started-at="2021-05-14T08:36:35 CST" finished-at="2021-05-14T08:37:04 CST">
          <params>
            <param index="0">
              <value>
                <![CDATA[Firefox]]>
              </value>
            </param>
          </params>
          <reporter-output>
          </reporter-output>
        </test-method> <!-- launchApp -->
        <test-method status="PASS" signature="verifyLogo()[pri:0, instance:com.myhybrid.testcases.IndexPageTest@1500955a]" name="verifyLogo" duration-ms="2600" started-at="2021-05-14T08:37:04 CST" finished-at="2021-05-14T08:37:07 CST">
          <reporter-output>
          </reporter-output>
        </test-method> <!-- verifyLogo -->
        <test-method status="PASS" signature="tearDown()[pri:0, instance:com.myhybrid.testcases.IndexPageTest@1500955a]" name="tearDown" is-config="true" duration-ms="1730" started-at="2021-05-14T08:37:07 CST" finished-at="2021-05-14T08:37:08 CST">
          <reporter-output>
          </reporter-output>
        </test-method> <!-- tearDown -->
        <test-method status="PASS" signature="launchApp(java.lang.String)[pri:0, instance:com.myhybrid.testcases.IndexPageTest@1500955a]" name="launchApp" is-config="true" duration-ms="16463" started-at="2021-05-14T08:37:08 CST" finished-at="2021-05-14T08:37:25 CST">
          <params>
            <param index="0">
              <value>
                <![CDATA[Firefox]]>
              </value>
            </param>
          </params>
          <reporter-output>
          </reporter-output>
        </test-method> <!-- launchApp -->
        <test-method status="PASS" signature="verifyTitle()[pri:0, instance:com.myhybrid.testcases.IndexPageTest@1500955a]" name="verifyTitle" duration-ms="5" started-at="2021-05-14T08:37:25 CST" finished-at="2021-05-14T08:37:25 CST">
          <reporter-output>
          </reporter-output>
        </test-method> <!-- verifyTitle -->
        <test-method status="PASS" signature="tearDown()[pri:0, instance:com.myhybrid.testcases.IndexPageTest@1500955a]" name="tearDown" is-config="true" duration-ms="1355" started-at="2021-05-14T08:37:25 CST" finished-at="2021-05-14T08:37:26 CST">
          <reporter-output>
          </reporter-output>
        </test-method> <!-- tearDown -->
      </class> <!-- com.myhybrid.testcases.IndexPageTest -->
    </test> <!-- FirefoxTest -->
  </suite> <!-- CrossBrowser -->
</testng-results>
